\BOOKMARK [0][-]{chapter.0}{\376\377\000N\000o\000t\000i\000o\000n\000s\000\040\000f\000o\000n\000d\000a\000m\000e\000n\000t\000a\000l\000e\000s}{}% 1
\BOOKMARK [1][-]{section.0.1}{\376\377\000S\000y\000s\000t\000\350\000m\000e\000\040\000i\000n\000t\000e\000r\000n\000a\000t\000i\000o\000n\000a\000l\000\040\000d\000'\000u\000n\000i\000t\000\351\000s}{chapter.0}% 2
\BOOKMARK [2][-]{subsection.0.1.1}{\376\377\000P\000o\000u\000r\000q\000u\000o\000i\000\040\000u\000n\000\040\000s\000y\000s\000t\000\350\000m\000e\000\040\000d\000'\000u\000n\000i\000t\000\351\000s\000\040\000u\000n\000i\000v\000e\000r\000s\000e\000l\000?}{section.0.1}% 3
\BOOKMARK [2][-]{subsection.0.1.2}{\376\377\000G\000r\000a\000n\000d\000e\000u\000r\000,\000\040\000v\000a\000l\000e\000u\000r\000\040\000e\000t\000\040\000u\000n\000i\000t\000\351}{section.0.1}% 4
\BOOKMARK [2][-]{subsection.0.1.3}{\376\377\000U\000n\000i\000t\000\351\000s\000\040\000d\000e\000\040\000b\000a\000s\000e\000\040\000d\000u\000\040\000S\000I}{section.0.1}% 5
\BOOKMARK [2][-]{subsection.0.1.4}{\376\377\000L\000a\000\040\000n\000o\000t\000a\000t\000i\000o\000n\000\040\000s\000c\000i\000e\000n\000t\000i\000f\000i\000q\000u\000e}{section.0.1}% 6
\BOOKMARK [2][-]{subsection.0.1.5}{\376\377\000L\000e\000s\000\040\000p\000r\000\351\000f\000i\000x\000e\000s\000\040\000S\000I}{section.0.1}% 7
\BOOKMARK [2][-]{subsection.0.1.6}{\376\377\000\311\000q\000u\000i\000v\000a\000l\000e\000n\000c\000e\000s\000\040\000u\000t\000i\000l\000e\000s}{section.0.1}% 8
\BOOKMARK [2][-]{subsection.0.1.7}{\376\377\000U\000n\000i\000t\000\351\000s\000\040\000d\000\351\000r\000i\000v\000\351\000e\000s\000\040\000d\000u\000\040\000S\000I}{section.0.1}% 9
\BOOKMARK [1][-]{section.0.2}{\376\377\000C\000o\000n\000v\000e\000r\000s\000i\000o\000n\000s\000\040\000d\000'\000u\000n\000i\000t\000\351\000s}{chapter.0}% 10
\BOOKMARK [2][-]{subsection.0.2.1}{\376\377\000L\000e\000s\000\040\000f\000a\000c\000t\000e\000u\000r\000s\000\040\000d\000e\000\040\000c\000o\000n\000v\000e\000r\000s\000i\000o\000n}{section.0.2}% 11
\BOOKMARK [2][-]{subsection.0.2.2}{\376\377\000C\000o\000n\000v\000e\000r\000s\000i\000o\000n\000\040\000d\000'\000u\000n\000i\000t\000\351\000s\000\040\000c\000o\000m\000p\000o\000s\000\351\000e\000s}{section.0.2}% 12
\BOOKMARK [2][-]{subsection.0.2.3}{\376\377\000U\000n\000i\000t\000\351\000s\000\040\000a\000v\000e\000c\000\040\000e\000x\000p\000o\000s\000a\000n\000t}{section.0.2}% 13
\BOOKMARK [1][-]{section.0.3}{\376\377\000H\000o\000m\000o\000g\000\351\000n\000\351\000i\000t\000\351\000\040\000d\000e\000s\000\040\000\351\000q\000u\000a\000t\000i\000o\000n\000s}{chapter.0}% 14
\BOOKMARK [2][-]{subsection.0.3.1}{\376\377\000P\000o\000u\000r\000q\000u\000o\000i\000\040\000v\000\351\000r\000i\000f\000i\000e\000r\000\040\000l\000'\000h\000o\000m\000o\000g\000\351\000n\000\351\000i\000t\000\351\000?}{section.0.3}% 15
\BOOKMARK [2][-]{subsection.0.3.2}{\376\377\000C\000o\000m\000m\000e\000n\000t\000\040\000v\000\351\000r\000i\000f\000i\000e\000r\000\040\000l\000'\000h\000o\000m\000o\000g\000\351\000n\000\351\000i\000t\000\351}{section.0.3}% 16
\BOOKMARK [1][-]{section.0.4}{\376\377\000P\000r\000\351\000c\000i\000s\000i\000o\000n\000\040\000e\000t\000\040\000c\000h\000i\000f\000f\000r\000e\000s\000\040\000s\000i\000g\000n\000i\000f\000i\000c\000a\000t\000i\000f\000s}{chapter.0}% 17
\BOOKMARK [1][-]{section.0.5}{\376\377\000T\000r\000i\000g\000o\000n\000o\000m\000\351\000t\000r\000i\000e}{chapter.0}% 18
\BOOKMARK [2][-]{subsection.0.5.1}{\376\377\000L\000e\000\040\000t\000r\000i\000a\000n\000g\000l\000e\000\040\000q\000u\000e\000l\000c\000o\000n\000q\000u\000e}{section.0.5}% 19
\BOOKMARK [2][-]{subsection.0.5.2}{\376\377\000L\000e\000\040\000t\000r\000i\000a\000n\000g\000l\000e\000\040\000r\000e\000c\000t\000a\000n\000g\000l\000e}{section.0.5}% 20
\BOOKMARK [1][-]{section.0.6}{\376\377\000S\000c\000a\000l\000a\000i\000r\000e\000s\000\040\000e\000t\000\040\000v\000e\000c\000t\000e\000u\000r\000s}{chapter.0}% 21
\BOOKMARK [2][-]{subsection.0.6.1}{\376\377\000R\000e\000p\000r\000\351\000s\000e\000n\000t\000a\000t\000i\000o\000n\000\040\000d\000'\000u\000n\000\040\000v\000e\000c\000t\000e\000u\000r}{section.0.6}% 22
\BOOKMARK [2][-]{subsection.0.6.2}{\376\377\000C\000a\000r\000a\000c\000t\000\351\000r\000i\000s\000t\000i\000q\000u\000e\000s\000\040\000d\000'\000u\000n\000\040\000v\000e\000c\000t\000e\000u\000r}{section.0.6}% 23
\BOOKMARK [2][-]{subsection.0.6.3}{\376\377\000N\000o\000t\000a\000t\000i\000o\000n\000\040\000m\000o\000d\000u\000l\000e\000-\000o\000r\000i\000e\000n\000t\000a\000t\000i\000o\000n}{section.0.6}% 24
\BOOKMARK [2][-]{subsection.0.6.4}{\376\377\000N\000o\000t\000a\000t\000i\000o\000n\000\040\000e\000n\000\040\000c\000o\000m\000p\000o\000s\000a\000n\000t\000e\000s}{section.0.6}% 25
\BOOKMARK [2][-]{subsection.0.6.5}{\376\377\000O\000p\000\351\000r\000a\000t\000i\000o\000n\000s\000\040\000s\000u\000r\000\040\000l\000e\000s\000\040\000v\000e\000c\000t\000e\000u\000r\000s}{section.0.6}% 26
\BOOKMARK [2][-]{subsection.0.6.6}{\376\377\000V\000e\000c\000t\000e\000u\000r\000s\000\040\000d\000a\000n\000s\000\040\000l\000e\000s\000\040\000p\000r\000o\000b\000l\000\350\000m\000e\000s\000\040\000e\000n\000\040\000u\000n\000e\000\040\000d\000i\000m\000e\000n\000s\000i\000o\000n}{section.0.6}% 27
\BOOKMARK [1][-]{section*.28}{\376\377\000C\000o\000m\000p\000\351\000t\000e\000n\000c\000e\000s}{chapter.0}% 28
\BOOKMARK [1][-]{section*.30}{\376\377\000E\000x\000e\000r\000c\000i\000c\000e\000s}{chapter.0}% 29
\BOOKMARK [0][-]{chapter.1}{\376\377\000C\000i\000n\000\351\000m\000a\000t\000i\000q\000u\000e}{}% 30
\BOOKMARK [1][-]{section.1.1}{\376\377\000I\000n\000t\000r\000o\000d\000u\000c\000t\000i\000o\000n\000\040\000:\000\040\000q\000u\000'\000e\000s\000t\000-\000c\000e\000\040\000q\000u\000e\000\040\000l\000a\000\040\000c\000i\000n\000\351\000m\000a\000t\000i\000q\000u\000e\000?}{chapter.1}% 31
\BOOKMARK [2][-]{subsection.1.1.1}{\376\377\000L\000e\000\040\000m\000o\000d\000\350\000l\000e\000\040\000d\000e\000\040\000l\000a\000\040\000p\000a\000r\000t\000i\000c\000u\000l\000e}{section.1.1}% 32
\BOOKMARK [1][-]{section.1.2}{\376\377\000P\000o\000s\000i\000t\000i\000o\000n\000\040\000e\000t\000\040\000d\000\351\000p\000l\000a\000c\000e\000m\000e\000n\000t}{chapter.1}% 33
\BOOKMARK [2][-]{subsection.1.2.1}{\376\377\000S\000y\000s\000t\000\350\000m\000e\000\040\000d\000e\000\040\000r\000\351\000f\000\351\000r\000e\000n\000c\000e}{section.1.2}% 34
\BOOKMARK [2][-]{subsection.1.2.2}{\376\377\000V\000e\000c\000t\000e\000u\000r\000\040\000p\000o\000s\000i\000t\000i\000o\000n}{section.1.2}% 35
\BOOKMARK [2][-]{subsection.1.2.3}{\376\377\000C\000a\000s\000\040\000p\000a\000r\000t\000i\000c\000u\000l\000i\000e\000r\000\040\000:\000\040\000m\000o\000u\000v\000e\000m\000e\000n\000t\000\040\000e\000n\000\040\000u\000n\000e\000\040\000d\000i\000m\000e\000n\000s\000i\000o\000n}{section.1.2}% 36
\BOOKMARK [2][-]{subsection.1.2.4}{\376\377\000V\000e\000c\000t\000e\000u\000r\000\040\000d\000\351\000p\000l\000a\000c\000e\000m\000e\000n\000t}{section.1.2}% 37
\BOOKMARK [2][-]{subsection.1.2.5}{\376\377\000D\000\351\000p\000l\000a\000c\000e\000m\000e\000n\000t\000\040\000v\000s\000\040\000d\000i\000s\000t\000a\000n\000c\000e\000\040\000p\000a\000r\000c\000o\000u\000r\000u\000e}{section.1.2}% 38
\BOOKMARK [1][-]{section.1.3}{\376\377\000L\000a\000\040\000v\000i\000t\000e\000s\000s\000e}{chapter.1}% 39
\BOOKMARK [2][-]{subsection.1.3.1}{\376\377\000I\000m\000p\000o\000r\000t\000a\000n\000c\000e\000\040\000d\000e\000\040\000l\000a\000\040\000v\000i\000t\000e\000s\000s\000e}{section.1.3}% 40
\BOOKMARK [2][-]{subsection.1.3.2}{\376\377\000P\000l\000u\000s\000i\000e\000u\000r\000s\000\040\000d\000\351\000f\000i\000n\000i\000t\000i\000o\000n\000s\000\040\000d\000e\000\040\000l\000a\000\040\000v\000i\000t\000e\000s\000s\000e}{section.1.3}% 41
\BOOKMARK [2][-]{subsection.1.3.3}{\376\377\000V\000i\000t\000e\000s\000s\000e\000\040\000s\000c\000a\000l\000a\000i\000r\000e\000\040\000m\000o\000y\000e\000n\000n\000e}{section.1.3}% 42
\BOOKMARK [2][-]{subsection.1.3.4}{\376\377\000V\000i\000t\000e\000s\000s\000e\000\040\000m\000o\000y\000e\000n\000n\000e}{section.1.3}% 43
\BOOKMARK [2][-]{subsection.1.3.5}{\376\377\000P\000o\000u\000r\000q\000u\000o\000i\000\040\000l\000e\000s\000\040\000d\000e\000u\000x\000\040\000s\000o\000n\000t\000\040\000i\000m\000p\000o\000r\000t\000a\000n\000t\000e\000s\000?}{section.1.3}% 44
\BOOKMARK [2][-]{subsection.1.3.6}{\376\377\000V\000i\000t\000e\000s\000s\000e\000\040\000i\000n\000s\000t\000a\000n\000t\000a\000n\000\351\000e}{section.1.3}% 45
\BOOKMARK [2][-]{subsection.1.3.7}{\376\377\000V\000i\000t\000e\000s\000s\000e\000\040\000s\000u\000r\000f\000a\000c\000e\000\040\000e\000t\000\040\000v\000i\000t\000e\000s\000s\000e\000\040\000f\000o\000n\000d}{section.1.3}% 46
\BOOKMARK [1][-]{section.1.4}{\376\377\000A\000c\000c\000\351\000l\000\351\000r\000a\000t\000i\000o\000n}{chapter.1}% 47
\BOOKMARK [2][-]{subsection.1.4.1}{\376\377\000I\000n\000t\000r\000o\000d\000u\000c\000t\000i\000o\000n\000\040\000:\000\040\000l\000a\000\040\000v\000i\000t\000e\000s\000s\000e\000\040\000p\000e\000u\000t\000\040\000v\000a\000r\000i\000e\000r}{section.1.4}% 48
\BOOKMARK [2][-]{subsection.1.4.2}{\376\377\000L\000e\000\040\000s\000i\000g\000n\000e\000\040\000d\000e\000\040\000l\000'\000a\000c\000c\000\351\000l\000\351\000r\000a\000t\000i\000o\000n\000\040\000:\000\040\000a\000t\000t\000e\000n\000t\000i\000o\000n\000\040\000a\000u\000x\000\040\000p\000i\000\350\000g\000e\000s\000!}{section.1.4}% 49
\BOOKMARK [2][-]{subsection.1.4.3}{\376\377\000A\000c\000c\000\351\000l\000\351\000r\000a\000t\000i\000o\000n\000\040\000m\000o\000y\000e\000n\000n\000e}{section.1.4}% 50
\BOOKMARK [2][-]{subsection.1.4.4}{\376\377\000A\000c\000c\000\351\000l\000\351\000r\000a\000t\000i\000o\000n\000\040\000i\000n\000s\000t\000a\000n\000t\000a\000n\000\351\000e}{section.1.4}% 51
\BOOKMARK [2][-]{subsection.1.4.5}{\376\377\000I\000n\000t\000e\000r\000p\000r\000\351\000t\000a\000t\000i\000o\000n\000\040\000g\000r\000a\000p\000h\000i\000q\000u\000e\000\040\000d\000e\000\040\000l\000'\000a\000c\000c\000\351\000l\000\351\000r\000a\000t\000i\000o\000n}{section.1.4}% 52
\BOOKMARK [1][-]{section.1.5}{\376\377\000D\000e\000s\000c\000r\000i\000p\000t\000i\000o\000n\000\040\000g\000r\000a\000p\000h\000i\000q\000u\000e\000\040\000d\000u\000\040\000m\000o\000u\000v\000e\000m\000e\000n\000t}{chapter.1}% 53
\BOOKMARK [2][-]{subsection.1.5.1}{\376\377\000L\000e\000\040\000g\000r\000a\000p\000h\000i\000q\000u\000e\000\040\000p\000o\000s\000i\000t\000i\000o\000n\000-\000t\000e\000m\000p\000s}{section.1.5}% 54
\BOOKMARK [2][-]{subsection.1.5.2}{\376\377\000C\000a\000l\000c\000u\000l\000\040\000d\000e\000\040\000l\000a\000\040\000v\000i\000t\000e\000s\000s\000e\000\040\000m\000o\000y\000e\000n\000n\000e\000\040\000\340\000\040\000p\000a\000r\000t\000i\000r\000\040\000d\000u\000\040\000g\000r\000a\000p\000h\000i\000q\000u\000e}{section.1.5}% 55
\BOOKMARK [2][-]{subsection.1.5.3}{\376\377\000I\000n\000t\000e\000r\000p\000r\000\351\000t\000a\000t\000i\000o\000n\000\040\000d\000e\000\040\000l\000a\000\040\000f\000o\000r\000m\000e\000\040\000d\000e\000\040\000l\000a\000\040\000c\000o\000u\000r\000b\000e}{section.1.5}% 56
\BOOKMARK [2][-]{subsection.1.5.4}{\376\377\000L\000e\000\040\000g\000r\000a\000p\000h\000i\000q\000u\000e\000\040\000v\000i\000t\000e\000s\000s\000e\000-\000t\000e\000m\000p\000s}{section.1.5}% 57
\BOOKMARK [2][-]{subsection.1.5.5}{\376\377\000L\000'\000a\000i\000r\000e\000\040\000s\000o\000u\000s\000\040\000l\000a\000\040\000c\000o\000u\000r\000b\000e}{section.1.5}% 58
\BOOKMARK [2][-]{subsection.1.5.6}{\376\377\000R\000\351\000s\000u\000m\000\351\000\040\000:\000\040\000p\000e\000n\000t\000e\000\040\000e\000t\000\040\000a\000i\000r\000e}{section.1.5}% 59
\BOOKMARK [1][-]{section.1.6}{\376\377\000D\000e\000s\000c\000r\000i\000p\000t\000i\000o\000n\000\040\000m\000a\000t\000h\000\351\000m\000a\000t\000i\000q\000u\000e\000\040\000d\000u\000\040\000m\000o\000u\000v\000e\000m\000e\000n\000t}{chapter.1}% 60
\BOOKMARK [2][-]{subsection.1.6.1}{\376\377\000I\000n\000t\000r\000o\000d\000u\000c\000t\000i\000o\000n\000\040\000:\000\040\000l\000a\000\040\000p\000u\000i\000s\000s\000a\000n\000c\000e\000\040\000d\000e\000s\000\040\000\351\000q\000u\000a\000t\000i\000o\000n\000s}{section.1.6}% 61
\BOOKMARK [2][-]{subsection.1.6.2}{\376\377\000M\000o\000u\000v\000e\000m\000e\000n\000t\000\040\000R\000e\000c\000t\000i\000l\000i\000g\000n\000e\000\040\000U\000n\000i\000f\000o\000r\000m\000e\000\040\000\050\000M\000R\000U\000\051}{section.1.6}% 62
\BOOKMARK [2][-]{subsection.1.6.3}{\376\377\000M\000o\000u\000v\000e\000m\000e\000n\000t\000\040\000R\000e\000c\000t\000i\000l\000i\000g\000n\000e\000\040\000U\000n\000i\000f\000o\000r\000m\000\351\000m\000e\000n\000t\000\040\000A\000c\000c\000\351\000l\000\351\000r\000\351\000\040\000\050\000M\000R\000U\000A\000\051}{section.1.6}% 63
\BOOKMARK [2][-]{subsection.1.6.4}{\376\377\000A\000p\000p\000l\000i\000c\000a\000t\000i\000o\000n\000s\000\040\000d\000u\000\040\000M\000R\000U\000A}{section.1.6}% 64
\BOOKMARK [1][-]{section.1.7}{\376\377\000C\000o\000r\000p\000s\000\040\000e\000n\000\040\000c\000h\000u\000t\000e\000\040\000l\000i\000b\000r\000e}{chapter.1}% 65
\BOOKMARK [2][-]{subsection.1.7.1}{\376\377\000D\000\351\000f\000i\000n\000i\000t\000i\000o\000n\000\040\000e\000t\000\040\000h\000y\000p\000o\000t\000h\000\350\000s\000e\000s}{section.1.7}% 66
\BOOKMARK [2][-]{subsection.1.7.2}{\376\377\000L\000'\000a\000c\000c\000\351\000l\000\351\000r\000a\000t\000i\000o\000n\000\040\000g\000r\000a\000v\000i\000t\000a\000t\000i\000o\000n\000n\000e\000l\000l\000e}{section.1.7}% 67
\BOOKMARK [2][-]{subsection.1.7.3}{\376\377\000C\000o\000n\000v\000e\000n\000t\000i\000o\000n\000\040\000d\000e\000\040\000s\000i\000g\000n\000e\000s}{section.1.7}% 68
\BOOKMARK [2][-]{subsection.1.7.4}{\376\377\000\311\000q\000u\000a\000t\000i\000o\000n\000s\000\040\000d\000e\000\040\000l\000a\000\040\000c\000h\000u\000t\000e\000\040\000l\000i\000b\000r\000e}{section.1.7}% 69
\BOOKMARK [2][-]{subsection.1.7.5}{\376\377\000C\000a\000s\000\040\000p\000a\000r\000t\000i\000c\000u\000l\000i\000e\000r\000s}{section.1.7}% 70
\BOOKMARK [2][-]{subsection.1.7.6}{\376\377\000A\000p\000p\000l\000i\000c\000a\000t\000i\000o\000n\000\040\000m\000a\000r\000i\000t\000i\000m\000e\000\040\000:\000\040\000h\000o\000m\000m\000e\000\040\000\340\000\040\000l\000a\000\040\000m\000e\000r}{section.1.7}% 71
\BOOKMARK [1][-]{section.1.8}{\376\377\000M\000o\000u\000v\000e\000m\000e\000n\000t\000\040\000e\000n\000\040\000d\000e\000u\000x\000\040\000d\000i\000m\000e\000n\000s\000i\000o\000n\000s}{chapter.1}% 72
\BOOKMARK [2][-]{subsection.1.8.1}{\376\377\000L\000e\000\040\000p\000r\000i\000n\000c\000i\000p\000e\000\040\000d\000e\000\040\000d\000\351\000c\000o\000m\000p\000o\000s\000i\000t\000i\000o\000n}{section.1.8}% 73
\BOOKMARK [2][-]{subsection.1.8.2}{\376\377\000D\000\351\000c\000o\000m\000p\000o\000s\000i\000t\000i\000o\000n\000\040\000d\000'\000u\000n\000\040\000v\000e\000c\000t\000e\000u\000r}{section.1.8}% 74
\BOOKMARK [2][-]{subsection.1.8.3}{\376\377\000E\000x\000e\000m\000p\000l\000e\000\040\000:\000\040\000n\000a\000v\000i\000g\000a\000t\000i\000o\000n\000\040\000d\000'\000u\000n\000\040\000n\000a\000v\000i\000r\000e}{section.1.8}% 75
\BOOKMARK [2][-]{subsection.1.8.4}{\376\377\000A\000p\000p\000l\000i\000c\000a\000t\000i\000o\000n\000\040\000a\000u\000\040\000p\000r\000o\000j\000e\000c\000t\000i\000l\000e}{section.1.8}% 76
\BOOKMARK [1][-]{section.1.9}{\376\377\000M\000o\000u\000v\000e\000m\000e\000n\000t\000\040\000d\000'\000u\000n\000\040\000p\000r\000o\000j\000e\000c\000t\000i\000l\000e}{chapter.1}% 77
\BOOKMARK [2][-]{subsection.1.9.1}{\376\377\000S\000t\000r\000a\000t\000\351\000g\000i\000e\000\040\000d\000e\000\040\000r\000\351\000s\000o\000l\000u\000t\000i\000o\000n}{section.1.9}% 78
\BOOKMARK [2][-]{subsection.1.9.2}{\376\377\000D\000\351\000c\000o\000m\000p\000o\000s\000i\000t\000i\000o\000n\000\040\000d\000e\000\040\000l\000a\000\040\000v\000i\000t\000e\000s\000s\000e\000\040\000i\000n\000i\000t\000i\000a\000l\000e}{section.1.9}% 79
\BOOKMARK [2][-]{subsection.1.9.3}{\376\377\000\311\000q\000u\000a\000t\000i\000o\000n\000s\000\040\000d\000u\000\040\000m\000o\000u\000v\000e\000m\000e\000n\000t}{section.1.9}% 80
\BOOKMARK [2][-]{subsection.1.9.4}{\376\377\000C\000a\000r\000a\000c\000t\000\351\000r\000i\000s\000t\000i\000q\000u\000e\000s\000\040\000d\000e\000\040\000l\000a\000\040\000t\000r\000a\000j\000e\000c\000t\000o\000i\000r\000e}{section.1.9}% 81
\BOOKMARK [2][-]{subsection.1.9.5}{\376\377\000E\000x\000e\000m\000p\000l\000e\000s}{section.1.9}% 82
\BOOKMARK [2][-]{subsection.1.9.6}{\376\377\000P\000r\000o\000j\000e\000c\000t\000i\000l\000e\000\040\000l\000a\000n\000c\000\351\000\040\000h\000o\000r\000i\000z\000o\000n\000t\000a\000l\000e\000m\000e\000n\000t}{section.1.9}% 83
\BOOKMARK [2][-]{subsection.1.9.7}{\376\377\000R\000\351\000s\000u\000m\000\351\000\040\000:\000\040\000s\000t\000r\000a\000t\000\351\000g\000i\000e\000\040\000d\000e\000\040\000r\000\351\000s\000o\000l\000u\000t\000i\000o\000n}{section.1.9}% 84
\BOOKMARK [1][-]{section.1.10}{\376\377\000C\000i\000n\000\351\000m\000a\000t\000i\000q\000u\000e\000\040\000d\000e\000\040\000r\000o\000t\000a\000t\000i\000o\000n}{chapter.1}% 85
\BOOKMARK [2][-]{subsection.1.10.1}{\376\377\000P\000o\000s\000i\000t\000i\000o\000n\000\040\000a\000n\000g\000u\000l\000a\000i\000r\000e\000\040\000e\000t\000\040\000d\000\351\000p\000l\000a\000c\000e\000m\000e\000n\000t\000\040\000a\000n\000g\000u\000l\000a\000i\000r\000e}{section.1.10}% 86
\BOOKMARK [2][-]{subsection.1.10.2}{\376\377\000R\000e\000l\000a\000t\000i\000o\000n\000\040\000e\000n\000t\000r\000e\000\040\000g\000r\000a\000n\000d\000e\000u\000r\000s\000\040\000l\000i\000n\000\351\000a\000i\000r\000e\000s\000\040\000e\000t\000\040\000a\000n\000g\000u\000l\000a\000i\000r\000e\000s}{section.1.10}% 87
\BOOKMARK [2][-]{subsection.1.10.3}{\376\377\000V\000i\000t\000e\000s\000s\000e\000\040\000a\000n\000g\000u\000l\000a\000i\000r\000e}{section.1.10}% 88
\BOOKMARK [2][-]{subsection.1.10.4}{\376\377\000A\000c\000c\000\351\000l\000\351\000r\000a\000t\000i\000o\000n\000\040\000a\000n\000g\000u\000l\000a\000i\000r\000e}{section.1.10}% 89
\BOOKMARK [2][-]{subsection.1.10.5}{\376\377\000\311\000q\000u\000a\000t\000i\000o\000n\000s\000\040\000d\000u\000\040\000m\000o\000u\000v\000e\000m\000e\000n\000t\000\040\000c\000i\000r\000c\000u\000l\000a\000i\000r\000e\000\040\000u\000n\000i\000f\000o\000r\000m\000\351\000m\000e\000n\000t\000\040\000a\000c\000c\000\351\000l\000\351\000r\000\351}{section.1.10}% 90
\BOOKMARK [2][-]{subsection.1.10.6}{\376\377\000A\000n\000a\000l\000o\000g\000i\000e\000\040\000t\000r\000a\000n\000s\000l\000a\000t\000i\000o\000n\000-\000r\000o\000t\000a\000t\000i\000o\000n}{section.1.10}% 91
\BOOKMARK [2][-]{subsection.1.10.7}{\376\377\000A\000p\000p\000l\000i\000c\000a\000t\000i\000o\000n\000s\000\040\000m\000a\000r\000i\000t\000i\000m\000e\000s}{section.1.10}% 92
\BOOKMARK [1][-]{section*.52}{\376\377\000C\000o\000m\000p\000l\000\351\000m\000e\000n\000t\000\040\000:\000\040\000V\000i\000t\000e\000s\000s\000e\000\040\000r\000e\000l\000a\000t\000i\000v\000e}{chapter.1}% 93
\BOOKMARK [1][-]{section*.53}{\376\377\000R\000\351\000s\000u\000m\000\351}{chapter.1}% 94
\BOOKMARK [1][-]{section*.54}{\376\377\000C\000o\000m\000p\000\351\000t\000e\000n\000c\000e\000s}{chapter.1}% 95
\BOOKMARK [0][-]{chapter.2}{\376\377\000D\000y\000n\000a\000m\000i\000q\000u\000e\000\040\000e\000t\000\040\000s\000t\000a\000t\000i\000q\000u\000e}{}% 96
\BOOKMARK [1][-]{section.2.1}{\376\377\000L\000e\000s\000\040\000f\000o\000n\000d\000e\000m\000e\000n\000t\000s\000\040\000d\000e\000\040\000l\000a\000\040\000d\000y\000n\000a\000m\000i\000q\000u\000e}{chapter.2}% 97
\BOOKMARK [2][-]{subsection.2.1.1}{\376\377\000I\000n\000t\000r\000o\000d\000u\000c\000t\000i\000o\000n\000\040\000:\000\040\000p\000o\000u\000r\000q\000u\000o\000i\000\040\000\351\000t\000u\000d\000i\000e\000r\000\040\000l\000a\000\040\000d\000y\000n\000a\000m\000i\000q\000u\000e\000?}{section.2.1}% 98
\BOOKMARK [2][-]{subsection.2.1.2}{\376\377\000D\000'\000A\000r\000i\000s\000t\000o\000t\000e\000\040\000\340\000\040\000N\000e\000w\000t\000o\000n\000\040\000:\000\040\000u\000n\000e\000\040\000r\000\351\000v\000o\000l\000u\000t\000i\000o\000n\000\040\000d\000e\000\040\000l\000a\000\040\000p\000e\000n\000s\000\351\000e}{section.2.1}% 99
\BOOKMARK [2][-]{subsection.2.1.3}{\376\377\000L\000'\000i\000n\000e\000r\000t\000i\000e}{section.2.1}% 100
\BOOKMARK [2][-]{subsection.2.1.4}{\376\377\000L\000a\000\040\000m\000a\000s\000s\000e\000\040\000:\000\040\000m\000e\000s\000u\000r\000e\000\040\000d\000e\000\040\000l\000'\000i\000n\000e\000r\000t\000i\000e}{section.2.1}% 101
\BOOKMARK [2][-]{subsection.2.1.5}{\376\377\000L\000e\000s\000\040\000t\000r\000o\000i\000s\000\040\000l\000o\000i\000s\000\040\000d\000e\000\040\000N\000e\000w\000t\000o\000n}{section.2.1}% 102
\BOOKMARK [2][-]{subsection.2.1.6}{\376\377\000L\000'\000\351\000q\000u\000i\000l\000i\000b\000r\000e\000\040\000:\000\040\000u\000n\000\040\000c\000a\000s\000\040\000p\000a\000r\000t\000i\000c\000u\000l\000i\000e\000r\000\040\000d\000e\000\040\000l\000a\000\040\000p\000r\000e\000m\000i\000\350\000r\000e\000\040\000l\000o\000i}{section.2.1}% 103
\BOOKMARK [1][-]{section.2.2}{\376\377\000L\000e\000s\000\040\000f\000o\000r\000c\000e\000s}{chapter.2}% 104
\BOOKMARK [2][-]{subsection.2.2.1}{\376\377\000L\000e\000\040\000p\000o\000i\000d\000s\000\040\000e\000t\000\040\000l\000a\000\040\000g\000r\000a\000v\000i\000t\000a\000t\000i\000o\000n}{section.2.2}% 105
\BOOKMARK [2][-]{subsection.2.2.2}{\376\377\000L\000a\000\040\000f\000o\000r\000c\000e\000\040\000n\000o\000r\000m\000a\000l\000e}{section.2.2}% 106
\BOOKMARK [2][-]{subsection.2.2.3}{\376\377\000L\000a\000\040\000t\000e\000n\000s\000i\000o\000n}{section.2.2}% 107
\BOOKMARK [2][-]{subsection.2.2.4}{\376\377\000L\000e\000\040\000f\000r\000o\000t\000t\000e\000m\000e\000n\000t}{section.2.2}% 108
\BOOKMARK [2][-]{subsection.2.2.5}{\376\377\000L\000a\000\040\000f\000o\000r\000c\000e\000\040\000c\000e\000n\000t\000r\000i\000p\000\350\000t\000e}{section.2.2}% 109
\BOOKMARK [2][-]{subsection.2.2.6}{\376\377\000L\000a\000\040\000f\000o\000r\000c\000e\000\040\000d\000e\000\040\000r\000a\000p\000p\000e\000l\000\040\000\050\000l\000o\000i\000\040\000d\000e\000\040\000H\000o\000o\000k\000e\000\051}{section.2.2}% 110
\BOOKMARK [2][-]{subsection.2.2.7}{\376\377\000T\000a\000b\000l\000e\000a\000u\000\040\000r\000\351\000c\000a\000p\000i\000t\000u\000l\000a\000t\000i\000f\000\040\000d\000e\000s\000\040\000f\000o\000r\000c\000e\000s}{section.2.2}% 111
\BOOKMARK [1][-]{section.2.3}{\376\377\000L\000e\000\040\000d\000i\000a\000g\000r\000a\000m\000m\000e\000\040\000d\000e\000\040\000c\000o\000r\000p\000s\000\040\000l\000i\000b\000r\000e\000\040\000e\000t\000\040\000l\000'\000\351\000q\000u\000i\000l\000i\000b\000r\000e}{chapter.2}% 112
\BOOKMARK [2][-]{subsection.2.3.1}{\376\377\000L\000e\000\040\000d\000i\000a\000g\000r\000a\000m\000m\000e\000\040\000d\000e\000\040\000c\000o\000r\000p\000s\000\040\000l\000i\000b\000r\000e\000\040\000\050\000D\000C\000L\000\051}{section.2.3}% 113
\BOOKMARK [2][-]{subsection.2.3.2}{\376\377\000L\000'\000a\000l\000g\000o\000r\000i\000t\000h\000m\000e\000\040\000d\000e\000\040\000r\000\351\000s\000o\000l\000u\000t\000i\000o\000n}{section.2.3}% 114
\BOOKMARK [2][-]{subsection.2.3.3}{\376\377\000A\000p\000p\000l\000i\000c\000a\000t\000i\000o\000n\000s\000\040\000:\000\040\000p\000r\000o\000b\000l\000\350\000m\000e\000s\000\040\000d\000'\000\351\000q\000u\000i\000l\000i\000b\000r\000e\000\040\000\050\000s\000t\000a\000t\000i\000q\000u\000e\000\051}{section.2.3}% 115
\BOOKMARK [1][-]{section.2.4}{\376\377\000D\000y\000n\000a\000m\000i\000q\000u\000e\000\040\000:\000\040\000l\000a\000\040\000d\000e\000u\000x\000i\000\350\000m\000e\000\040\000l\000o\000i\000\040\000e\000n\000\040\000a\000c\000t\000i\000o\000n}{chapter.2}% 116
\BOOKMARK [2][-]{subsection.2.4.1}{\376\377\000D\000e\000\040\000l\000'\000\351\000q\000u\000i\000l\000i\000b\000r\000e\000\040\000\340\000\040\000l\000'\000a\000c\000c\000\351\000l\000\351\000r\000a\000t\000i\000o\000n}{section.2.4}% 117
\BOOKMARK [2][-]{subsection.2.4.2}{\376\377\000P\000r\000o\000b\000l\000\350\000m\000e\000s\000\040\000\340\000\040\000u\000n\000e\000\040\000d\000i\000m\000e\000n\000s\000i\000o\000n}{section.2.4}% 118
\BOOKMARK [2][-]{subsection.2.4.3}{\376\377\000P\000r\000o\000b\000l\000\350\000m\000e\000s\000\040\000\340\000\040\000d\000e\000u\000x\000\040\000d\000i\000m\000e\000n\000s\000i\000o\000n\000s}{section.2.4}% 119
\BOOKMARK [2][-]{subsection.2.4.4}{\376\377\000S\000y\000s\000t\000\350\000m\000e\000s\000\040\000\340\000\040\000p\000l\000u\000s\000i\000e\000u\000r\000s\000\040\000o\000b\000j\000e\000t\000s}{section.2.4}% 120
\BOOKMARK [1][-]{section.2.5}{\376\377\000D\000y\000n\000a\000m\000i\000q\000u\000e\000\040\000d\000u\000\040\000m\000o\000u\000v\000e\000m\000e\000n\000t\000\040\000c\000i\000r\000c\000u\000l\000a\000i\000r\000e}{chapter.2}% 121
\BOOKMARK [2][-]{subsection.2.5.1}{\376\377\000R\000e\000t\000o\000u\000r\000\040\000s\000u\000r\000\040\000l\000'\000a\000c\000c\000\351\000l\000\351\000r\000a\000t\000i\000o\000n\000\040\000c\000e\000n\000t\000r\000i\000p\000\350\000t\000e}{section.2.5}% 122
\BOOKMARK [2][-]{subsection.2.5.2}{\376\377\000L\000a\000\040\000f\000o\000r\000c\000e\000\040\000c\000e\000n\000t\000r\000i\000p\000\350\000t\000e\000\040\000:\000\040\000c\000a\000u\000s\000e\000\040\000d\000e\000\040\000l\000'\000a\000c\000c\000\351\000l\000\351\000r\000a\000t\000i\000o\000n}{section.2.5}% 123
\BOOKMARK [2][-]{subsection.2.5.3}{\376\377\000L\000a\000\040\000\253\000\040\000f\000o\000r\000c\000e\000\040\000c\000e\000n\000t\000r\000i\000f\000u\000g\000e\000\040\000\273\000\040\000:\000\040\000u\000n\000\040\000m\000i\000r\000a\000g\000e}{section.2.5}% 124
\BOOKMARK [2][-]{subsection.2.5.4}{\376\377\000M\000\351\000t\000h\000o\000d\000e\000\040\000d\000e\000\040\000r\000\351\000s\000o\000l\000u\000t\000i\000o\000n}{section.2.5}% 125
\BOOKMARK [2][-]{subsection.2.5.5}{\376\377\000A\000p\000p\000l\000i\000c\000a\000t\000i\000o\000n\000s}{section.2.5}% 126
\BOOKMARK [2][-]{subsection.2.5.6}{\376\377\000R\000\351\000s\000u\000m\000\351\000\040\000:\000\040\000m\000o\000u\000v\000e\000m\000e\000n\000t\000\040\000c\000i\000r\000c\000u\000l\000a\000i\000r\000e}{section.2.5}% 127
\BOOKMARK [1][-]{section.2.6}{\376\377\000R\000\351\000s\000u\000m\000\351\000\040\000d\000u\000\040\000c\000h\000a\000p\000i\000t\000r\000e}{chapter.2}% 128
\BOOKMARK [2][-]{subsection.2.6.1}{\376\377\000L\000e\000s\000\040\000t\000r\000o\000i\000s\000\040\000l\000o\000i\000s\000\040\000d\000e\000\040\000N\000e\000w\000t\000o\000n}{section.2.6}% 129
\BOOKMARK [2][-]{subsection.2.6.2}{\376\377\000C\000a\000t\000a\000l\000o\000g\000u\000e\000\040\000d\000e\000s\000\040\000f\000o\000r\000c\000e\000s}{section.2.6}% 130
\BOOKMARK [2][-]{subsection.2.6.3}{\376\377\000L\000'\000a\000l\000g\000o\000r\000i\000t\000h\000m\000e\000\040\000d\000e\000\040\000r\000\351\000s\000o\000l\000u\000t\000i\000o\000n}{section.2.6}% 131
\BOOKMARK [2][-]{subsection.2.6.4}{\376\377\000F\000o\000r\000m\000u\000l\000e\000s\000\040\000e\000s\000s\000e\000n\000t\000i\000e\000l\000l\000e\000s}{section.2.6}% 132
\BOOKMARK [2][-]{subsection.2.6.5}{\376\377\000P\000i\000\350\000g\000e\000s\000\040\000\340\000\040\000\351\000v\000i\000t\000e\000r}{section.2.6}% 133
\BOOKMARK [2][-]{subsection.2.6.6}{\376\377\000A\000u\000t\000o\000-\000\351\000v\000a\000l\000u\000a\000t\000i\000o\000n\000\040\000d\000e\000s\000\040\000c\000o\000m\000p\000\351\000t\000e\000n\000c\000e\000s}{section.2.6}% 134
\BOOKMARK [2][-]{subsection.2.6.7}{\376\377\000C\000e\000\040\000q\000u\000'\000i\000l\000\040\000f\000a\000u\000t\000\040\000r\000e\000t\000e\000n\000i\000r}{section.2.6}% 135
\BOOKMARK [0][-]{chapter.3}{\376\377\000\311\000n\000e\000r\000g\000i\000e\000\040\000e\000t\000\040\000t\000r\000a\000v\000a\000i\000l}{}% 136
\BOOKMARK [1][-]{section.3.1}{\376\377\000I\000n\000t\000r\000o\000d\000u\000c\000t\000i\000o\000n\000\040\000:\000\040\000q\000u\000'\000e\000s\000t\000-\000c\000e\000\040\000q\000u\000e\000\040\000l\000'\000\351\000n\000e\000r\000g\000i\000e\000?}{chapter.3}% 137
\BOOKMARK [2][-]{subsection.3.1.1}{\376\377\000L\000'\000\351\000n\000e\000r\000g\000i\000e\000\040\000d\000a\000n\000s\000\040\000l\000e\000\040\000c\000o\000n\000t\000e\000x\000t\000e\000\040\000m\000a\000r\000i\000t\000i\000m\000e}{section.3.1}% 138
\BOOKMARK [2][-]{subsection.3.1.2}{\376\377\000L\000e\000s\000\040\000d\000e\000u\000x\000\040\000f\000o\000r\000m\000e\000s\000\040\000d\000'\000\351\000n\000e\000r\000g\000i\000e\000\040\000m\000\351\000c\000a\000n\000i\000q\000u\000e}{section.3.1}% 139
\BOOKMARK [1][-]{section.3.2}{\376\377\000L\000e\000\040\000t\000r\000a\000v\000a\000i\000l}{chapter.3}% 140
\BOOKMARK [2][-]{subsection.3.2.1}{\376\377\000D\000\351\000f\000i\000n\000i\000t\000i\000o\000n\000\040\000d\000u\000\040\000t\000r\000a\000v\000a\000i\000l}{section.3.2}% 141
\BOOKMARK [2][-]{subsection.3.2.2}{\376\377\000I\000n\000t\000e\000r\000p\000r\000\351\000t\000a\000t\000i\000o\000n\000\040\000d\000u\000\040\000t\000r\000a\000v\000a\000i\000l}{section.3.2}% 142
\BOOKMARK [2][-]{subsection.3.2.3}{\376\377\000C\000a\000s\000\040\000p\000a\000r\000t\000i\000c\000u\000l\000i\000e\000r\000s\000\040\000i\000m\000p\000o\000r\000t\000a\000n\000t\000s}{section.3.2}% 143
\BOOKMARK [2][-]{subsection.3.2.4}{\376\377\000T\000r\000a\000v\000a\000i\000l\000\040\000e\000f\000f\000e\000c\000t\000u\000\351\000\040\000p\000a\000r\000\040\000p\000l\000u\000s\000i\000e\000u\000r\000s\000\040\000f\000o\000r\000c\000e\000s}{section.3.2}% 144
\BOOKMARK [2][-]{subsection.3.2.5}{\376\377\000T\000r\000a\000v\000a\000i\000l\000\040\000e\000f\000f\000e\000c\000t\000u\000\351\000\040\000p\000a\000r\000\040\000l\000a\000\040\000g\000r\000a\000v\000i\000t\000\351}{section.3.2}% 145
\BOOKMARK [2][-]{subsection.3.2.6}{\376\377\000T\000r\000a\000v\000a\000i\000l\000\040\000e\000f\000f\000e\000c\000t\000u\000\351\000\040\000p\000a\000r\000\040\000u\000n\000\040\000r\000e\000s\000s\000o\000r\000t}{section.3.2}% 146
\BOOKMARK [1][-]{section.3.3}{\376\377\000T\000h\000\351\000o\000r\000\350\000m\000e\000\040\000d\000e\000\040\000l\000'\000\351\000n\000e\000r\000g\000i\000e\000\040\000c\000i\000n\000\351\000t\000i\000q\000u\000e}{chapter.3}% 147
\BOOKMARK [2][-]{subsection.3.3.1}{\376\377\000\311\000n\000o\000n\000c\000\351\000\040\000d\000u\000\040\000t\000h\000\351\000o\000r\000\350\000m\000e}{section.3.3}% 148
\BOOKMARK [2][-]{subsection.3.3.2}{\376\377\000D\000\351\000m\000o\000n\000s\000t\000r\000a\000t\000i\000o\000n\000\040\000d\000u\000\040\000t\000h\000\351\000o\000r\000\350\000m\000e}{section.3.3}% 149
\BOOKMARK [2][-]{subsection.3.3.3}{\376\377\000A\000p\000p\000l\000i\000c\000a\000t\000i\000o\000n\000s\000\040\000d\000u\000\040\000t\000h\000\351\000o\000r\000\350\000m\000e\000\040\000d\000e\000\040\000l\000'\000\351\000n\000e\000r\000g\000i\000e\000\040\000c\000i\000n\000\351\000t\000i\000q\000u\000e}{section.3.3}% 150
\BOOKMARK [1][-]{section.3.4}{\376\377\000\311\000n\000e\000r\000g\000i\000e\000\040\000p\000o\000t\000e\000n\000t\000i\000e\000l\000l\000e}{chapter.3}% 151
\BOOKMARK [2][-]{subsection.3.4.1}{\376\377\000L\000e\000\040\000c\000o\000n\000c\000e\000p\000t\000\040\000d\000'\000\351\000n\000e\000r\000g\000i\000e\000\040\000p\000o\000t\000e\000n\000t\000i\000e\000l\000l\000e}{section.3.4}% 152
\BOOKMARK [2][-]{subsection.3.4.2}{\376\377\000\311\000n\000e\000r\000g\000i\000e\000\040\000p\000o\000t\000e\000n\000t\000i\000e\000l\000l\000e\000\040\000g\000r\000a\000v\000i\000t\000a\000t\000i\000o\000n\000n\000e\000l\000l\000e}{section.3.4}% 153
\BOOKMARK [2][-]{subsection.3.4.3}{\376\377\000\311\000n\000e\000r\000g\000i\000e\000\040\000p\000o\000t\000e\000n\000t\000i\000e\000l\000l\000e\000\040\000\351\000l\000a\000s\000t\000i\000q\000u\000e}{section.3.4}% 154
\BOOKMARK [2][-]{subsection.3.4.4}{\376\377\000L\000i\000e\000n\000\040\000e\000n\000t\000r\000e\000\040\000t\000r\000a\000v\000a\000i\000l\000\040\000e\000t\000\040\000\351\000n\000e\000r\000g\000i\000e\000\040\000p\000o\000t\000e\000n\000t\000i\000e\000l\000l\000e}{section.3.4}% 155
\BOOKMARK [1][-]{section.3.5}{\376\377\000F\000o\000r\000c\000e\000s\000\040\000c\000o\000n\000s\000e\000r\000v\000a\000t\000i\000v\000e\000s\000\040\000e\000t\000\040\000n\000o\000n\000-\000c\000o\000n\000s\000e\000r\000v\000a\000t\000i\000v\000e\000s}{chapter.3}% 156
\BOOKMARK [2][-]{subsection.3.5.1}{\376\377\000D\000\351\000f\000i\000n\000i\000t\000i\000o\000n\000\040\000e\000t\000\040\000p\000r\000o\000p\000r\000i\000\351\000t\000\351\000s}{section.3.5}% 157
\BOOKMARK [2][-]{subsection.3.5.2}{\376\377\000P\000o\000u\000r\000q\000u\000o\000i\000\040\000c\000e\000t\000t\000e\000\040\000d\000i\000s\000t\000i\000n\000c\000t\000i\000o\000n\000\040\000e\000s\000t\000-\000e\000l\000l\000e\000\040\000i\000m\000p\000o\000r\000t\000a\000n\000t\000e\000?}{section.3.5}% 158
\BOOKMARK [1][-]{section.3.6}{\376\377\000C\000o\000n\000s\000e\000r\000v\000a\000t\000i\000o\000n\000\040\000d\000e\000\040\000l\000'\000\351\000n\000e\000r\000g\000i\000e\000\040\000m\000\351\000c\000a\000n\000i\000q\000u\000e}{chapter.3}% 159
\BOOKMARK [2][-]{subsection.3.6.1}{\376\377\000\311\000n\000e\000r\000g\000i\000e\000\040\000m\000\351\000c\000a\000n\000i\000q\000u\000e}{section.3.6}% 160
\BOOKMARK [2][-]{subsection.3.6.2}{\376\377\000P\000r\000i\000n\000c\000i\000p\000e\000\040\000d\000e\000\040\000c\000o\000n\000s\000e\000r\000v\000a\000t\000i\000o\000n}{section.3.6}% 161
\BOOKMARK [2][-]{subsection.3.6.3}{\376\377\000L\000'\000a\000l\000g\000o\000r\000i\000t\000h\000m\000e\000\040\000d\000e\000\040\000r\000\351\000s\000o\000l\000u\000t\000i\000o\000n\000\040\000p\000a\000r\000\040\000m\000\351\000t\000h\000o\000d\000e\000\040\000\351\000n\000e\000r\000g\000\351\000t\000i\000q\000u\000e}{section.3.6}% 162
\BOOKMARK [2][-]{subsection.3.6.4}{\376\377\000A\000p\000p\000l\000i\000c\000a\000t\000i\000o\000n\000s\000\040\000d\000e\000\040\000l\000a\000\040\000c\000o\000n\000s\000e\000r\000v\000a\000t\000i\000o\000n\000\040\000d\000e\000\040\000l\000'\000\351\000n\000e\000r\000g\000i\000e}{section.3.6}% 163
\BOOKMARK [2][-]{subsection.3.6.5}{\376\377\000C\000o\000n\000s\000e\000r\000v\000a\000t\000i\000o\000n\000\040\000d\000e\000\040\000l\000'\000\351\000n\000e\000r\000g\000i\000e\000\040\000a\000v\000e\000c\000\040\000f\000o\000r\000c\000e\000s\000\040\000n\000o\000n\000-\000c\000o\000n\000s\000e\000r\000v\000a\000t\000i\000v\000e\000s}{section.3.6}% 164
\BOOKMARK [1][-]{section.3.7}{\376\377\000L\000a\000\040\000p\000u\000i\000s\000s\000a\000n\000c\000e}{chapter.3}% 165
\BOOKMARK [2][-]{subsection.3.7.1}{\376\377\000D\000\351\000f\000i\000n\000i\000t\000i\000o\000n\000\040\000d\000e\000\040\000l\000a\000\040\000p\000u\000i\000s\000s\000a\000n\000c\000e}{section.3.7}% 166
\BOOKMARK [2][-]{subsection.3.7.2}{\376\377\000P\000u\000i\000s\000s\000a\000n\000c\000e\000\040\000i\000n\000s\000t\000a\000n\000t\000a\000n\000\351\000e}{section.3.7}% 167
\BOOKMARK [2][-]{subsection.3.7.3}{\376\377\000A\000p\000p\000l\000i\000c\000a\000t\000i\000o\000n\000s\000\040\000m\000a\000r\000i\000t\000i\000m\000e\000s\000\040\000d\000e\000\040\000l\000a\000\040\000p\000u\000i\000s\000s\000a\000n\000c\000e}{section.3.7}% 168
\BOOKMARK [2][-]{subsection.3.7.4}{\376\377\000R\000e\000l\000a\000t\000i\000o\000n\000\040\000e\000n\000t\000r\000e\000\040\000p\000u\000i\000s\000s\000a\000n\000c\000e\000\040\000e\000t\000\040\000\351\000n\000e\000r\000g\000i\000e}{section.3.7}% 169
\BOOKMARK [1][-]{section.3.8}{\376\377\000Q\000u\000a\000n\000t\000i\000t\000\351\000\040\000d\000e\000\040\000m\000o\000u\000v\000e\000m\000e\000n\000t\000\040\000e\000t\000\040\000i\000m\000p\000u\000l\000s\000i\000o\000n}{chapter.3}% 170
\BOOKMARK [2][-]{subsection.3.8.1}{\376\377\000I\000n\000t\000r\000o\000d\000u\000c\000t\000i\000o\000n\000\040\000:\000\040\000p\000o\000u\000r\000q\000u\000o\000i\000\040\000u\000n\000e\000\040\000n\000o\000u\000v\000e\000l\000l\000e\000\040\000g\000r\000a\000n\000d\000e\000u\000r\000?}{section.3.8}% 171
\BOOKMARK [2][-]{subsection.3.8.2}{\376\377\000D\000\351\000f\000i\000n\000i\000t\000i\000o\000n\000\040\000d\000e\000\040\000l\000a\000\040\000q\000u\000a\000n\000t\000i\000t\000\351\000\040\000d\000e\000\040\000m\000o\000u\000v\000e\000m\000e\000n\000t}{section.3.8}% 172
\BOOKMARK [2][-]{subsection.3.8.3}{\376\377\000L\000'\000i\000m\000p\000u\000l\000s\000i\000o\000n}{section.3.8}% 173
\BOOKMARK [2][-]{subsection.3.8.4}{\376\377\000L\000e\000\040\000t\000h\000\351\000o\000r\000\350\000m\000e\000\040\000d\000e\000\040\000l\000'\000i\000m\000p\000u\000l\000s\000i\000o\000n\000\040\000e\000t\000\040\000d\000e\000\040\000l\000a\000\040\000q\000u\000a\000n\000t\000i\000t\000\351\000\040\000d\000e\000\040\000m\000o\000u\000v\000e\000m\000e\000n\000t}{section.3.8}% 174
\BOOKMARK [2][-]{subsection.3.8.5}{\376\377\000C\000o\000n\000s\000e\000r\000v\000a\000t\000i\000o\000n\000\040\000d\000e\000\040\000l\000a\000\040\000q\000u\000a\000n\000t\000i\000t\000\351\000\040\000d\000e\000\040\000m\000o\000u\000v\000e\000m\000e\000n\000t}{section.3.8}% 175
\BOOKMARK [2][-]{subsection.3.8.6}{\376\377\000C\000o\000m\000p\000a\000r\000a\000i\000s\000o\000n\000\040\000:\000\040\000\351\000n\000e\000r\000g\000i\000e\000\040\000v\000s\000\040\000q\000u\000a\000n\000t\000i\000t\000\351\000\040\000d\000e\000\040\000m\000o\000u\000v\000e\000m\000e\000n\000t}{section.3.8}% 176
\BOOKMARK [1][-]{section.3.9}{\376\377\000L\000e\000s\000\040\000c\000o\000l\000l\000i\000s\000i\000o\000n\000s}{chapter.3}% 177
\BOOKMARK [2][-]{subsection.3.9.1}{\376\377\000I\000n\000t\000r\000o\000d\000u\000c\000t\000i\000o\000n\000\040\000:\000\040\000q\000u\000'\000e\000s\000t\000-\000c\000e\000\040\000q\000u\000'\000u\000n\000e\000\040\000c\000o\000l\000l\000i\000s\000i\000o\000n\000?}{section.3.9}% 178
\BOOKMARK [2][-]{subsection.3.9.2}{\376\377\000C\000l\000a\000s\000s\000i\000f\000i\000c\000a\000t\000i\000o\000n\000\040\000d\000e\000s\000\040\000c\000o\000l\000l\000i\000s\000i\000o\000n\000s}{section.3.9}% 179
\BOOKMARK [2][-]{subsection.3.9.3}{\376\377\000C\000o\000l\000l\000i\000s\000i\000o\000n\000\040\000p\000a\000r\000f\000a\000i\000t\000e\000m\000e\000n\000t\000\040\000i\000n\000\351\000l\000a\000s\000t\000i\000q\000u\000e}{section.3.9}% 180
\BOOKMARK [2][-]{subsection.3.9.4}{\376\377\000C\000o\000l\000l\000i\000s\000i\000o\000n\000\040\000\351\000l\000a\000s\000t\000i\000q\000u\000e}{section.3.9}% 181
\BOOKMARK [2][-]{subsection.3.9.5}{\376\377\000C\000o\000l\000l\000i\000s\000i\000o\000n\000\040\000i\000n\000\351\000l\000a\000s\000t\000i\000q\000u\000e}{section.3.9}% 182
\BOOKMARK [2][-]{subsection.3.9.6}{\376\377\000C\000o\000l\000l\000i\000s\000i\000o\000n\000s\000\040\000e\000n\000\040\000d\000e\000u\000x\000\040\000d\000i\000m\000e\000n\000s\000i\000o\000n\000s}{section.3.9}% 183
\BOOKMARK [2][-]{subsection.3.9.7}{\376\377\000A\000l\000g\000o\000r\000i\000t\000h\000m\000e\000\040\000d\000e\000\040\000r\000\351\000s\000o\000l\000u\000t\000i\000o\000n\000\040\000d\000e\000s\000\040\000p\000r\000o\000b\000l\000\350\000m\000e\000s\000\040\000d\000e\000\040\000c\000o\000l\000l\000i\000s\000i\000o\000n}{section.3.9}% 184
\BOOKMARK [1][-]{section.3.10}{\376\377\000R\000\351\000s\000u\000m\000\351\000\040\000d\000u\000\040\000c\000h\000a\000p\000i\000t\000r\000e}{chapter.3}% 185
\BOOKMARK [2][-]{subsection.3.10.1}{\376\377\000T\000a\000b\000l\000e\000a\000u\000\040\000r\000\351\000c\000a\000p\000i\000t\000u\000l\000a\000t\000i\000f\000\040\000d\000e\000s\000\040\000f\000o\000r\000m\000u\000l\000e\000s}{section.3.10}% 186
\BOOKMARK [2][-]{subsection.3.10.2}{\376\377\000L\000'\000a\000l\000g\000o\000r\000i\000t\000h\000m\000e\000\040\000d\000e\000\040\000r\000\351\000s\000o\000l\000u\000t\000i\000o\000n}{section.3.10}% 187
\BOOKMARK [2][-]{subsection.3.10.3}{\376\377\000E\000r\000r\000e\000u\000r\000s\000\040\000f\000r\000\351\000q\000u\000e\000n\000t\000e\000s}{section.3.10}% 188
\BOOKMARK [2][-]{subsection.3.10.4}{\376\377\000A\000u\000t\000o\000-\000\351\000v\000a\000l\000u\000a\000t\000i\000o\000n\000\040\000d\000e\000s\000\040\000c\000o\000m\000p\000\351\000t\000e\000n\000c\000e\000s}{section.3.10}% 189
\BOOKMARK [2][-]{subsection.3.10.5}{\376\377\000C\000e\000\040\000q\000u\000'\000i\000l\000\040\000f\000a\000u\000t\000\040\000r\000e\000t\000e\000n\000i\000r}{section.3.10}% 190
